{"D:\\TDC\\HK5\\CD Web 2\\only-dog-be\\app.js": {"path":"D:\\TDC\\HK5\\CD Web 2\\only-dog-be\\app.js","statementMap":{"0":{"start":{"line":10,"column":12},"end":{"line":10,"column":21}},"1":{"start":{"line":12,"column":18},"end":{"line":12,"column":32}},"2":{"start":{"line":18,"column":0},"end":{"line":18,"column":18}},"3":{"start":{"line":19,"column":0},"end":{"line":19,"column":24}},"4":{"start":{"line":20,"column":0},"end":{"line":20,"column":16}},"5":{"start":{"line":21,"column":0},"end":{"line":21,"column":29}},"6":{"start":{"line":22,"column":0},"end":{"line":22,"column":30}},"7":{"start":{"line":23,"column":0},"end":{"line":23,"column":30}},"8":{"start":{"line":24,"column":0},"end":{"line":24,"column":62}},"9":{"start":{"line":25,"column":0},"end":{"line":25,"column":63}},"10":{"start":{"line":28,"column":0},"end":{"line":30,"column":3}},"11":{"start":{"line":29,"column":2},"end":{"line":29,"column":61}}},"fnMap":{"0":{"name":"(anonymous_0)","decl":{"start":{"line":28,"column":13},"end":{"line":28,"column":14}},"loc":{"start":{"line":28,"column":27},"end":{"line":30,"column":1}},"line":28}},"branchMap":{},"s":{"0":4,"1":4,"2":4,"3":4,"4":4,"5":4,"6":4,"7":4,"8":4,"9":4,"10":4,"11":8},"f":{"0":8},"b":{},"_coverageSchema":"1a1c01bbd47fc00a2c39e90264f33305004495a9","hash":"6fe8de8ed1dc78ce9dc750a64e4af362a94672d8"}
,"D:\\TDC\\HK5\\CD Web 2\\only-dog-be\\src\\middlewares\\verifyAccessToken.js": {"path":"D:\\TDC\\HK5\\CD Web 2\\only-dog-be\\src\\middlewares\\verifyAccessToken.js","statementMap":{"0":{"start":{"line":4,"column":0},"end":{"line":4,"column":16}},"1":{"start":{"line":7,"column":2},"end":{"line":9,"column":3}},"2":{"start":{"line":8,"column":4},"end":{"line":8,"column":80}},"3":{"start":{"line":10,"column":22},"end":{"line":10,"column":61}},"4":{"start":{"line":11,"column":2},"end":{"line":14,"column":67}},"5":{"start":{"line":12,"column":4},"end":{"line":14,"column":67}},"6":{"start":{"line":15,"column":2},"end":{"line":21,"column":3}},"7":{"start":{"line":16,"column":20},"end":{"line":16,"column":76}},"8":{"start":{"line":17,"column":4},"end":{"line":17,"column":32}},"9":{"start":{"line":18,"column":4},"end":{"line":18,"column":11}},"10":{"start":{"line":20,"column":4},"end":{"line":20,"column":78}}},"fnMap":{"0":{"name":"verifyAccessToken","decl":{"start":{"line":6,"column":24},"end":{"line":6,"column":41}},"loc":{"start":{"line":6,"column":58},"end":{"line":22,"column":1}},"line":6}},"branchMap":{"0":{"loc":{"start":{"line":7,"column":2},"end":{"line":9,"column":3}},"type":"if","locations":[{"start":{"line":7,"column":2},"end":{"line":9,"column":3}},{"start":{},"end":{}}],"line":7},"1":{"loc":{"start":{"line":11,"column":2},"end":{"line":14,"column":67}},"type":"if","locations":[{"start":{"line":11,"column":2},"end":{"line":14,"column":67}},{"start":{},"end":{}}],"line":11}},"s":{"0":4,"1":0,"2":0,"3":0,"4":0,"5":0,"6":0,"7":0,"8":0,"9":0,"10":0},"f":{"0":0},"b":{"0":[0,0],"1":[0,0]},"_coverageSchema":"1a1c01bbd47fc00a2c39e90264f33305004495a9","hash":"0e3f439f62c4b515dd6bf24b2ee4aeefeb6ff7ce"}
,"D:\\TDC\\HK5\\CD Web 2\\only-dog-be\\src\\models\\Post.js": {"path":"D:\\TDC\\HK5\\CD Web 2\\only-dog-be\\src\\models\\Post.js","statementMap":{"0":{"start":{"line":3,"column":15},"end":{"line":3,"column":30}},"1":{"start":{"line":5,"column":19},"end":{"line":40,"column":57}}},"fnMap":{},"branchMap":{},"s":{"0":4,"1":4},"f":{},"b":{},"_coverageSchema":"1a1c01bbd47fc00a2c39e90264f33305004495a9","hash":"656d10903d0e88edc473c3c1f3b5842571c786ba"}
,"D:\\TDC\\HK5\\CD Web 2\\only-dog-be\\src\\models\\User.js": {"path":"D:\\TDC\\HK5\\CD Web 2\\only-dog-be\\src\\models\\User.js","statementMap":{"0":{"start":{"line":3,"column":15},"end":{"line":3,"column":30}},"1":{"start":{"line":5,"column":19},"end":{"line":40,"column":58}}},"fnMap":{},"branchMap":{},"s":{"0":4,"1":4},"f":{},"b":{},"_coverageSchema":"1a1c01bbd47fc00a2c39e90264f33305004495a9","hash":"92d7478826bdac06a3b433b3348787b803812edf"}
,"D:\\TDC\\HK5\\CD Web 2\\only-dog-be\\src\\routes\\auth.js": {"path":"D:\\TDC\\HK5\\CD Web 2\\only-dog-be\\src\\routes\\auth.js","statementMap":{"0":{"start":{"line":11,"column":19},"end":{"line":11,"column":21}},"1":{"start":{"line":12,"column":15},"end":{"line":12,"column":31}},"2":{"start":{"line":13,"column":0},"end":{"line":13,"column":16}},"3":{"start":{"line":14,"column":20},"end":{"line":18,"column":2}},"4":{"start":{"line":19,"column":20},"end":{"line":19,"column":22}},"5":{"start":{"line":20,"column":12},"end":{"line":20,"column":26}},"6":{"start":{"line":22,"column":0},"end":{"line":36,"column":3}},"7":{"start":{"line":23,"column":2},"end":{"line":35,"column":3}},"8":{"start":{"line":24,"column":4},"end":{"line":26,"column":76}},"9":{"start":{"line":27,"column":4},"end":{"line":32,"column":7}},"10":{"start":{"line":28,"column":6},"end":{"line":28,"column":22}},"11":{"start":{"line":28,"column":15},"end":{"line":28,"column":22}},"12":{"start":{"line":29,"column":6},"end":{"line":31,"column":7}},"13":{"start":{"line":30,"column":8},"end":{"line":30,"column":49}},"14":{"start":{"line":34,"column":4},"end":{"line":34,"column":79}},"15":{"start":{"line":38,"column":0},"end":{"line":57,"column":3}},"16":{"start":{"line":39,"column":2},"end":{"line":56,"column":3}},"17":{"start":{"line":40,"column":25},"end":{"line":40,"column":64}},"18":{"start":{"line":41,"column":4},"end":{"line":43,"column":72}},"19":{"start":{"line":44,"column":4},"end":{"line":53,"column":7}},"20":{"start":{"line":45,"column":6},"end":{"line":45,"column":22}},"21":{"start":{"line":45,"column":15},"end":{"line":45,"column":22}},"22":{"start":{"line":46,"column":6},"end":{"line":52,"column":7}},"23":{"start":{"line":47,"column":8},"end":{"line":49,"column":10}},"24":{"start":{"line":48,"column":24},"end":{"line":48,"column":49}},"25":{"start":{"line":51,"column":8},"end":{"line":51,"column":60}},"26":{"start":{"line":55,"column":4},"end":{"line":55,"column":79}},"27":{"start":{"line":59,"column":0},"end":{"line":85,"column":3}},"28":{"start":{"line":60,"column":2},"end":{"line":84,"column":3}},"29":{"start":{"line":61,"column":25},"end":{"line":61,"column":64}},"30":{"start":{"line":62,"column":4},"end":{"line":63,"column":79}},"31":{"start":{"line":63,"column":6},"end":{"line":63,"column":79}},"32":{"start":{"line":64,"column":4},"end":{"line":67,"column":68}},"33":{"start":{"line":65,"column":6},"end":{"line":67,"column":68}},"34":{"start":{"line":68,"column":4},"end":{"line":79,"column":7}},"35":{"start":{"line":69,"column":6},"end":{"line":70,"column":78}},"36":{"start":{"line":70,"column":8},"end":{"line":70,"column":78}},"37":{"start":{"line":71,"column":26},"end":{"line":77,"column":7}},"38":{"start":{"line":78,"column":6},"end":{"line":78,"column":66}},"39":{"start":{"line":81,"column":4},"end":{"line":83,"column":66}},"40":{"start":{"line":86,"column":0},"end":{"line":136,"column":3}},"41":{"start":{"line":87,"column":2},"end":{"line":135,"column":3}},"42":{"start":{"line":88,"column":42},"end":{"line":88,"column":50}},"43":{"start":{"line":89,"column":4},"end":{"line":97,"column":9}},"44":{"start":{"line":94,"column":6},"end":{"line":97,"column":9}},"45":{"start":{"line":98,"column":24},"end":{"line":98,"column":78}},"46":{"start":{"line":99,"column":4},"end":{"line":102,"column":79}},"47":{"start":{"line":100,"column":6},"end":{"line":102,"column":79}},"48":{"start":{"line":104,"column":27},"end":{"line":104,"column":64}},"49":{"start":{"line":105,"column":20},"end":{"line":105,"column":75}},"50":{"start":{"line":106,"column":24},"end":{"line":110,"column":5}},"51":{"start":{"line":111,"column":25},"end":{"line":115,"column":5}},"52":{"start":{"line":116,"column":4},"end":{"line":120,"column":7}},"53":{"start":{"line":121,"column":4},"end":{"line":129,"column":7}},"54":{"start":{"line":122,"column":6},"end":{"line":122,"column":22}},"55":{"start":{"line":122,"column":15},"end":{"line":122,"column":22}},"56":{"start":{"line":123,"column":6},"end":{"line":128,"column":7}},"57":{"start":{"line":124,"column":8},"end":{"line":124,"column":41}},"58":{"start":{"line":125,"column":8},"end":{"line":125,"column":41}},"59":{"start":{"line":126,"column":8},"end":{"line":126,"column":54}},"60":{"start":{"line":127,"column":8},"end":{"line":127,"column":60}},"61":{"start":{"line":130,"column":4},"end":{"line":130,"column":25}},"62":{"start":{"line":132,"column":4},"end":{"line":134,"column":66}},"63":{"start":{"line":138,"column":0},"end":{"line":185,"column":3}},"64":{"start":{"line":139,"column":2},"end":{"line":184,"column":3}},"65":{"start":{"line":140,"column":32},"end":{"line":140,"column":40}},"66":{"start":{"line":141,"column":4},"end":{"line":145,"column":9}},"67":{"start":{"line":142,"column":6},"end":{"line":145,"column":9}},"68":{"start":{"line":146,"column":17},"end":{"line":146,"column":46}},"69":{"start":{"line":147,"column":4},"end":{"line":150,"column":62}},"70":{"start":{"line":148,"column":6},"end":{"line":150,"column":62}},"71":{"start":{"line":151,"column":26},"end":{"line":151,"column":69}},"72":{"start":{"line":152,"column":4},"end":{"line":155,"column":65}},"73":{"start":{"line":153,"column":6},"end":{"line":155,"column":65}},"74":{"start":{"line":157,"column":24},"end":{"line":161,"column":5}},"75":{"start":{"line":162,"column":25},"end":{"line":166,"column":5}},"76":{"start":{"line":167,"column":4},"end":{"line":167,"column":37}},"77":{"start":{"line":168,"column":4},"end":{"line":172,"column":7}},"78":{"start":{"line":173,"column":4},"end":{"line":181,"column":7}},"79":{"start":{"line":174,"column":6},"end":{"line":174,"column":22}},"80":{"start":{"line":174,"column":15},"end":{"line":174,"column":22}},"81":{"start":{"line":175,"column":6},"end":{"line":180,"column":7}},"82":{"start":{"line":176,"column":8},"end":{"line":176,"column":41}},"83":{"start":{"line":177,"column":8},"end":{"line":177,"column":41}},"84":{"start":{"line":178,"column":8},"end":{"line":178,"column":54}},"85":{"start":{"line":179,"column":8},"end":{"line":179,"column":60}},"86":{"start":{"line":183,"column":4},"end":{"line":183,"column":79}}},"fnMap":{"0":{"name":"(anonymous_0)","decl":{"start":{"line":22,"column":43},"end":{"line":22,"column":44}},"loc":{"start":{"line":22,"column":57},"end":{"line":36,"column":1}},"line":22},"1":{"name":"(anonymous_1)","decl":{"start":{"line":27,"column":25},"end":{"line":27,"column":26}},"loc":{"start":{"line":27,"column":40},"end":{"line":32,"column":5}},"line":27},"2":{"name":"(anonymous_2)","decl":{"start":{"line":38,"column":39},"end":{"line":38,"column":40}},"loc":{"start":{"line":38,"column":53},"end":{"line":57,"column":1}},"line":38},"3":{"name":"(anonymous_3)","decl":{"start":{"line":44,"column":25},"end":{"line":44,"column":26}},"loc":{"start":{"line":44,"column":40},"end":{"line":53,"column":5}},"line":44},"4":{"name":"(anonymous_4)","decl":{"start":{"line":48,"column":10},"end":{"line":48,"column":11}},"loc":{"start":{"line":48,"column":24},"end":{"line":48,"column":49}},"line":48},"5":{"name":"(anonymous_5)","decl":{"start":{"line":59,"column":36},"end":{"line":59,"column":37}},"loc":{"start":{"line":59,"column":50},"end":{"line":85,"column":1}},"line":59},"6":{"name":"(anonymous_6)","decl":{"start":{"line":68,"column":63},"end":{"line":68,"column":64}},"loc":{"start":{"line":68,"column":78},"end":{"line":79,"column":5}},"line":68},"7":{"name":"(anonymous_7)","decl":{"start":{"line":86,"column":25},"end":{"line":86,"column":26}},"loc":{"start":{"line":86,"column":45},"end":{"line":136,"column":1}},"line":86},"8":{"name":"(anonymous_8)","decl":{"start":{"line":121,"column":25},"end":{"line":121,"column":26}},"loc":{"start":{"line":121,"column":40},"end":{"line":129,"column":5}},"line":121},"9":{"name":"(anonymous_9)","decl":{"start":{"line":138,"column":22},"end":{"line":138,"column":23}},"loc":{"start":{"line":138,"column":42},"end":{"line":185,"column":1}},"line":138},"10":{"name":"(anonymous_10)","decl":{"start":{"line":173,"column":25},"end":{"line":173,"column":26}},"loc":{"start":{"line":173,"column":40},"end":{"line":181,"column":5}},"line":173}},"branchMap":{"0":{"loc":{"start":{"line":28,"column":6},"end":{"line":28,"column":22}},"type":"if","locations":[{"start":{"line":28,"column":6},"end":{"line":28,"column":22}},{"start":{},"end":{}}],"line":28},"1":{"loc":{"start":{"line":29,"column":6},"end":{"line":31,"column":7}},"type":"if","locations":[{"start":{"line":29,"column":6},"end":{"line":31,"column":7}},{"start":{},"end":{}}],"line":29},"2":{"loc":{"start":{"line":45,"column":6},"end":{"line":45,"column":22}},"type":"if","locations":[{"start":{"line":45,"column":6},"end":{"line":45,"column":22}},{"start":{},"end":{}}],"line":45},"3":{"loc":{"start":{"line":46,"column":6},"end":{"line":52,"column":7}},"type":"if","locations":[{"start":{"line":46,"column":6},"end":{"line":52,"column":7}},{"start":{},"end":{}}],"line":46},"4":{"loc":{"start":{"line":62,"column":4},"end":{"line":63,"column":79}},"type":"if","locations":[{"start":{"line":62,"column":4},"end":{"line":63,"column":79}},{"start":{},"end":{}}],"line":62},"5":{"loc":{"start":{"line":64,"column":4},"end":{"line":67,"column":68}},"type":"if","locations":[{"start":{"line":64,"column":4},"end":{"line":67,"column":68}},{"start":{},"end":{}}],"line":64},"6":{"loc":{"start":{"line":69,"column":6},"end":{"line":70,"column":78}},"type":"if","locations":[{"start":{"line":69,"column":6},"end":{"line":70,"column":78}},{"start":{},"end":{}}],"line":69},"7":{"loc":{"start":{"line":89,"column":4},"end":{"line":97,"column":9}},"type":"if","locations":[{"start":{"line":89,"column":4},"end":{"line":97,"column":9}},{"start":{},"end":{}}],"line":89},"8":{"loc":{"start":{"line":90,"column":6},"end":{"line":92,"column":33}},"type":"binary-expr","locations":[{"start":{"line":90,"column":6},"end":{"line":90,"column":33}},{"start":{"line":91,"column":6},"end":{"line":91,"column":27}},{"start":{"line":92,"column":6},"end":{"line":92,"column":33}}],"line":90},"9":{"loc":{"start":{"line":99,"column":4},"end":{"line":102,"column":79}},"type":"if","locations":[{"start":{"line":99,"column":4},"end":{"line":102,"column":79}},{"start":{},"end":{}}],"line":99},"10":{"loc":{"start":{"line":122,"column":6},"end":{"line":122,"column":22}},"type":"if","locations":[{"start":{"line":122,"column":6},"end":{"line":122,"column":22}},{"start":{},"end":{}}],"line":122},"11":{"loc":{"start":{"line":123,"column":6},"end":{"line":128,"column":7}},"type":"if","locations":[{"start":{"line":123,"column":6},"end":{"line":128,"column":7}},{"start":{},"end":{}}],"line":123},"12":{"loc":{"start":{"line":141,"column":4},"end":{"line":145,"column":9}},"type":"if","locations":[{"start":{"line":141,"column":4},"end":{"line":145,"column":9}},{"start":{},"end":{}}],"line":141},"13":{"loc":{"start":{"line":141,"column":8},"end":{"line":141,"column":60}},"type":"binary-expr","locations":[{"start":{"line":141,"column":8},"end":{"line":141,"column":29}},{"start":{"line":141,"column":33},"end":{"line":141,"column":60}}],"line":141},"14":{"loc":{"start":{"line":147,"column":4},"end":{"line":150,"column":62}},"type":"if","locations":[{"start":{"line":147,"column":4},"end":{"line":150,"column":62}},{"start":{},"end":{}}],"line":147},"15":{"loc":{"start":{"line":152,"column":4},"end":{"line":155,"column":65}},"type":"if","locations":[{"start":{"line":152,"column":4},"end":{"line":155,"column":65}},{"start":{},"end":{}}],"line":152},"16":{"loc":{"start":{"line":174,"column":6},"end":{"line":174,"column":22}},"type":"if","locations":[{"start":{"line":174,"column":6},"end":{"line":174,"column":22}},{"start":{},"end":{}}],"line":174},"17":{"loc":{"start":{"line":175,"column":6},"end":{"line":180,"column":7}},"type":"if","locations":[{"start":{"line":175,"column":6},"end":{"line":180,"column":7}},{"start":{},"end":{}}],"line":175}},"s":{"0":4,"1":4,"2":4,"3":4,"4":4,"5":4,"6":4,"7":0,"8":0,"9":0,"10":0,"11":0,"12":0,"13":0,"14":0,"15":4,"16":0,"17":0,"18":0,"19":0,"20":0,"21":0,"22":0,"23":0,"24":0,"25":0,"26":0,"27":4,"28":0,"29":0,"30":0,"31":0,"32":0,"33":0,"34":0,"35":0,"36":0,"37":0,"38":0,"39":0,"40":4,"41":0,"42":0,"43":0,"44":0,"45":0,"46":0,"47":0,"48":0,"49":0,"50":0,"51":0,"52":0,"53":0,"54":0,"55":0,"56":0,"57":0,"58":0,"59":0,"60":0,"61":0,"62":0,"63":4,"64":0,"65":0,"66":0,"67":0,"68":0,"69":0,"70":0,"71":0,"72":0,"73":0,"74":0,"75":0,"76":0,"77":0,"78":0,"79":0,"80":0,"81":0,"82":0,"83":0,"84":0,"85":0,"86":0},"f":{"0":0,"1":0,"2":0,"3":0,"4":0,"5":0,"6":0,"7":0,"8":0,"9":0,"10":0},"b":{"0":[0,0],"1":[0,0],"2":[0,0],"3":[0,0],"4":[0,0],"5":[0,0],"6":[0,0],"7":[0,0],"8":[0,0,0],"9":[0,0],"10":[0,0],"11":[0,0],"12":[0,0],"13":[0,0],"14":[0,0],"15":[0,0],"16":[0,0],"17":[0,0]},"_coverageSchema":"1a1c01bbd47fc00a2c39e90264f33305004495a9","hash":"20684fff6e41508a694fb5316cde97689a06e4a7"}
,"D:\\TDC\\HK5\\CD Web 2\\only-dog-be\\src\\routes\\post.js": {"path":"D:\\TDC\\HK5\\CD Web 2\\only-dog-be\\src\\routes\\post.js","statementMap":{"0":{"start":{"line":9,"column":15},"end":{"line":9,"column":31}},"1":{"start":{"line":11,"column":16},"end":{"line":20,"column":2}},"2":{"start":{"line":13,"column":4},"end":{"line":13,"column":28}},"3":{"start":{"line":16,"column":22},"end":{"line":16,"column":66}},"4":{"start":{"line":17,"column":4},"end":{"line":17,"column":30}},"5":{"start":{"line":18,"column":4},"end":{"line":18,"column":24}},"6":{"start":{"line":21,"column":15},"end":{"line":21,"column":43}},"7":{"start":{"line":23,"column":0},"end":{"line":59,"column":2}},"8":{"start":{"line":28,"column":4},"end":{"line":57,"column":5}},"9":{"start":{"line":29,"column":25},"end":{"line":29,"column":35}},"10":{"start":{"line":30,"column":19},"end":{"line":30,"column":27}},"11":{"start":{"line":31,"column":6},"end":{"line":34,"column":65}},"12":{"start":{"line":32,"column":8},"end":{"line":34,"column":65}},"13":{"start":{"line":35,"column":6},"end":{"line":38,"column":63}},"14":{"start":{"line":36,"column":8},"end":{"line":38,"column":63}},"15":{"start":{"line":39,"column":19},"end":{"line":39,"column":46}},"16":{"start":{"line":40,"column":6},"end":{"line":43,"column":63}},"17":{"start":{"line":41,"column":8},"end":{"line":43,"column":63}},"18":{"start":{"line":45,"column":24},"end":{"line":45,"column":50}},"19":{"start":{"line":46,"column":19},"end":{"line":49,"column":15}},"20":{"start":{"line":50,"column":6},"end":{"line":50,"column":57}},"21":{"start":{"line":51,"column":6},"end":{"line":51,"column":70}},"22":{"start":{"line":53,"column":6},"end":{"line":53,"column":36}},"23":{"start":{"line":54,"column":6},"end":{"line":56,"column":68}},"24":{"start":{"line":61,"column":0},"end":{"line":109,"column":3}},"25":{"start":{"line":62,"column":2},"end":{"line":108,"column":3}},"26":{"start":{"line":64,"column":31},"end":{"line":64,"column":39}},"27":{"start":{"line":65,"column":24},"end":{"line":65,"column":63}},"28":{"start":{"line":66,"column":4},"end":{"line":70,"column":9}},"29":{"start":{"line":67,"column":6},"end":{"line":70,"column":9}},"30":{"start":{"line":71,"column":4},"end":{"line":75,"column":9}},"31":{"start":{"line":72,"column":6},"end":{"line":75,"column":9}},"32":{"start":{"line":76,"column":17},"end":{"line":76,"column":44}},"33":{"start":{"line":77,"column":4},"end":{"line":81,"column":9}},"34":{"start":{"line":78,"column":6},"end":{"line":81,"column":9}},"35":{"start":{"line":83,"column":4},"end":{"line":105,"column":5}},"36":{"start":{"line":85,"column":6},"end":{"line":98,"column":7}},"37":{"start":{"line":86,"column":8},"end":{"line":89,"column":11}},"38":{"start":{"line":90,"column":8},"end":{"line":90,"column":59}},"39":{"start":{"line":91,"column":8},"end":{"line":91,"column":62}},"40":{"start":{"line":93,"column":8},"end":{"line":96,"column":11}},"41":{"start":{"line":97,"column":8},"end":{"line":97,"column":59}},"42":{"start":{"line":100,"column":6},"end":{"line":103,"column":9}},"43":{"start":{"line":104,"column":6},"end":{"line":104,"column":57}},"44":{"start":{"line":107,"column":4},"end":{"line":107,"column":79}},"45":{"start":{"line":111,"column":0},"end":{"line":159,"column":3}},"46":{"start":{"line":112,"column":2},"end":{"line":158,"column":3}},"47":{"start":{"line":114,"column":31},"end":{"line":114,"column":39}},"48":{"start":{"line":115,"column":24},"end":{"line":115,"column":63}},"49":{"start":{"line":116,"column":4},"end":{"line":120,"column":9}},"50":{"start":{"line":117,"column":6},"end":{"line":120,"column":9}},"51":{"start":{"line":121,"column":4},"end":{"line":125,"column":9}},"52":{"start":{"line":122,"column":6},"end":{"line":125,"column":9}},"53":{"start":{"line":126,"column":17},"end":{"line":126,"column":44}},"54":{"start":{"line":127,"column":4},"end":{"line":131,"column":9}},"55":{"start":{"line":128,"column":6},"end":{"line":131,"column":9}},"56":{"start":{"line":133,"column":4},"end":{"line":155,"column":5}},"57":{"start":{"line":135,"column":6},"end":{"line":148,"column":7}},"58":{"start":{"line":136,"column":8},"end":{"line":139,"column":11}},"59":{"start":{"line":140,"column":8},"end":{"line":140,"column":62}},"60":{"start":{"line":141,"column":8},"end":{"line":141,"column":59}},"61":{"start":{"line":143,"column":8},"end":{"line":146,"column":11}},"62":{"start":{"line":147,"column":8},"end":{"line":147,"column":62}},"63":{"start":{"line":150,"column":6},"end":{"line":153,"column":9}},"64":{"start":{"line":154,"column":6},"end":{"line":154,"column":60}},"65":{"start":{"line":157,"column":4},"end":{"line":157,"column":79}},"66":{"start":{"line":161,"column":0},"end":{"line":170,"column":3}},"67":{"start":{"line":162,"column":2},"end":{"line":169,"column":3}},"68":{"start":{"line":163,"column":18},"end":{"line":163,"column":35}},"69":{"start":{"line":166,"column":4},"end":{"line":166,"column":51}},"70":{"start":{"line":168,"column":4},"end":{"line":168,"column":79}},"71":{"start":{"line":172,"column":0},"end":{"line":178,"column":3}},"72":{"start":{"line":173,"column":16},"end":{"line":173,"column":24}},"73":{"start":{"line":174,"column":2},"end":{"line":176,"column":3}},"74":{"start":{"line":175,"column":4},"end":{"line":175,"column":80}},"75":{"start":{"line":177,"column":2},"end":{"line":177,"column":18}},"76":{"start":{"line":180,"column":0},"end":{"line":224,"column":3}},"77":{"start":{"line":181,"column":2},"end":{"line":223,"column":3}},"78":{"start":{"line":183,"column":23},"end":{"line":183,"column":33}},"79":{"start":{"line":184,"column":32},"end":{"line":184,"column":40}},"80":{"start":{"line":185,"column":4},"end":{"line":190,"column":5}},"81":{"start":{"line":186,"column":6},"end":{"line":189,"column":9}},"82":{"start":{"line":191,"column":4},"end":{"line":196,"column":5}},"83":{"start":{"line":192,"column":6},"end":{"line":195,"column":9}},"84":{"start":{"line":197,"column":24},"end":{"line":197,"column":63}},"85":{"start":{"line":198,"column":4},"end":{"line":220,"column":5}},"86":{"start":{"line":199,"column":19},"end":{"line":199,"column":46}},"87":{"start":{"line":200,"column":6},"end":{"line":214,"column":7}},"88":{"start":{"line":201,"column":8},"end":{"line":204,"column":11}},"89":{"start":{"line":206,"column":8},"end":{"line":208,"column":11}},"90":{"start":{"line":209,"column":24},"end":{"line":209,"column":51}},"91":{"start":{"line":210,"column":8},"end":{"line":213,"column":11}},"92":{"start":{"line":216,"column":6},"end":{"line":219,"column":9}},"93":{"start":{"line":222,"column":4},"end":{"line":222,"column":79}},"94":{"start":{"line":226,"column":0},"end":{"line":251,"column":3}},"95":{"start":{"line":227,"column":2},"end":{"line":250,"column":3}},"96":{"start":{"line":229,"column":23},"end":{"line":229,"column":33}},"97":{"start":{"line":230,"column":4},"end":{"line":235,"column":5}},"98":{"start":{"line":231,"column":6},"end":{"line":234,"column":9}},"99":{"start":{"line":236,"column":17},"end":{"line":236,"column":44}},"100":{"start":{"line":237,"column":4},"end":{"line":247,"column":5}},"101":{"start":{"line":238,"column":6},"end":{"line":241,"column":9}},"102":{"start":{"line":243,"column":6},"end":{"line":246,"column":9}},"103":{"start":{"line":249,"column":4},"end":{"line":249,"column":79}},"104":{"start":{"line":255,"column":0},"end":{"line":316,"column":2}},"105":{"start":{"line":259,"column":4},"end":{"line":314,"column":5}},"106":{"start":{"line":261,"column":25},"end":{"line":261,"column":35}},"107":{"start":{"line":262,"column":36},"end":{"line":262,"column":44}},"108":{"start":{"line":263,"column":6},"end":{"line":268,"column":7}},"109":{"start":{"line":264,"column":8},"end":{"line":267,"column":11}},"110":{"start":{"line":269,"column":19},"end":{"line":269,"column":46}},"111":{"start":{"line":270,"column":6},"end":{"line":308,"column":7}},"112":{"start":{"line":271,"column":28},"end":{"line":271,"column":67}},"113":{"start":{"line":272,"column":8},"end":{"line":302,"column":9}},"114":{"start":{"line":273,"column":10},"end":{"line":301,"column":11}},"115":{"start":{"line":273,"column":44},"end":{"line":273,"column":73}},"116":{"start":{"line":274,"column":12},"end":{"line":295,"column":13}},"117":{"start":{"line":275,"column":44},"end":{"line":275,"column":77}},"118":{"start":{"line":277,"column":14},"end":{"line":285,"column":16}},"119":{"start":{"line":286,"column":14},"end":{"line":289,"column":17}},"120":{"start":{"line":291,"column":14},"end":{"line":294,"column":17}},"121":{"start":{"line":297,"column":12},"end":{"line":300,"column":15}},"122":{"start":{"line":304,"column":8},"end":{"line":307,"column":11}},"123":{"start":{"line":310,"column":6},"end":{"line":310,"column":31}},"124":{"start":{"line":311,"column":6},"end":{"line":313,"column":68}}},"fnMap":{"0":{"name":"(anonymous_0)","decl":{"start":{"line":12,"column":15},"end":{"line":12,"column":16}},"loc":{"start":{"line":12,"column":40},"end":{"line":14,"column":3}},"line":12},"1":{"name":"(anonymous_1)","decl":{"start":{"line":15,"column":12},"end":{"line":15,"column":13}},"loc":{"start":{"line":15,"column":37},"end":{"line":19,"column":3}},"line":15},"2":{"name":"(anonymous_2)","decl":{"start":{"line":27,"column":2},"end":{"line":27,"column":3}},"loc":{"start":{"line":27,"column":22},"end":{"line":58,"column":3}},"line":27},"3":{"name":"(anonymous_3)","decl":{"start":{"line":61,"column":39},"end":{"line":61,"column":40}},"loc":{"start":{"line":61,"column":59},"end":{"line":109,"column":1}},"line":61},"4":{"name":"(anonymous_4)","decl":{"start":{"line":111,"column":42},"end":{"line":111,"column":43}},"loc":{"start":{"line":111,"column":62},"end":{"line":159,"column":1}},"line":111},"5":{"name":"(anonymous_5)","decl":{"start":{"line":161,"column":23},"end":{"line":161,"column":24}},"loc":{"start":{"line":161,"column":43},"end":{"line":170,"column":1}},"line":161},"6":{"name":"(anonymous_6)","decl":{"start":{"line":172,"column":48},"end":{"line":172,"column":49}},"loc":{"start":{"line":172,"column":68},"end":{"line":178,"column":1}},"line":172},"7":{"name":"(anonymous_7)","decl":{"start":{"line":180,"column":55},"end":{"line":180,"column":56}},"loc":{"start":{"line":180,"column":75},"end":{"line":224,"column":1}},"line":180},"8":{"name":"(anonymous_8)","decl":{"start":{"line":226,"column":43},"end":{"line":226,"column":44}},"loc":{"start":{"line":226,"column":63},"end":{"line":251,"column":1}},"line":226},"9":{"name":"(anonymous_9)","decl":{"start":{"line":258,"column":2},"end":{"line":258,"column":3}},"loc":{"start":{"line":258,"column":22},"end":{"line":315,"column":3}},"line":258},"10":{"name":"(anonymous_10)","decl":{"start":{"line":273,"column":33},"end":{"line":273,"column":34}},"loc":{"start":{"line":273,"column":44},"end":{"line":273,"column":73}},"line":273},"11":{"name":"(anonymous_11)","decl":{"start":{"line":275,"column":33},"end":{"line":275,"column":34}},"loc":{"start":{"line":275,"column":44},"end":{"line":275,"column":77}},"line":275}},"branchMap":{"0":{"loc":{"start":{"line":31,"column":6},"end":{"line":34,"column":65}},"type":"if","locations":[{"start":{"line":31,"column":6},"end":{"line":34,"column":65}},{"start":{},"end":{}}],"line":31},"1":{"loc":{"start":{"line":35,"column":6},"end":{"line":38,"column":63}},"type":"if","locations":[{"start":{"line":35,"column":6},"end":{"line":38,"column":63}},{"start":{},"end":{}}],"line":35},"2":{"loc":{"start":{"line":40,"column":6},"end":{"line":43,"column":63}},"type":"if","locations":[{"start":{"line":40,"column":6},"end":{"line":43,"column":63}},{"start":{},"end":{}}],"line":40},"3":{"loc":{"start":{"line":66,"column":4},"end":{"line":70,"column":9}},"type":"if","locations":[{"start":{"line":66,"column":4},"end":{"line":70,"column":9}},{"start":{},"end":{}}],"line":66},"4":{"loc":{"start":{"line":66,"column":8},"end":{"line":66,"column":26}},"type":"binary-expr","locations":[{"start":{"line":66,"column":8},"end":{"line":66,"column":15}},{"start":{"line":66,"column":19},"end":{"line":66,"column":26}}],"line":66},"5":{"loc":{"start":{"line":71,"column":4},"end":{"line":75,"column":9}},"type":"if","locations":[{"start":{"line":71,"column":4},"end":{"line":75,"column":9}},{"start":{},"end":{}}],"line":71},"6":{"loc":{"start":{"line":77,"column":4},"end":{"line":81,"column":9}},"type":"if","locations":[{"start":{"line":77,"column":4},"end":{"line":81,"column":9}},{"start":{},"end":{}}],"line":77},"7":{"loc":{"start":{"line":83,"column":4},"end":{"line":105,"column":5}},"type":"if","locations":[{"start":{"line":83,"column":4},"end":{"line":105,"column":5}},{"start":{"line":99,"column":11},"end":{"line":105,"column":5}}],"line":83},"8":{"loc":{"start":{"line":85,"column":6},"end":{"line":98,"column":7}},"type":"if","locations":[{"start":{"line":85,"column":6},"end":{"line":98,"column":7}},{"start":{"line":92,"column":13},"end":{"line":98,"column":7}}],"line":85},"9":{"loc":{"start":{"line":116,"column":4},"end":{"line":120,"column":9}},"type":"if","locations":[{"start":{"line":116,"column":4},"end":{"line":120,"column":9}},{"start":{},"end":{}}],"line":116},"10":{"loc":{"start":{"line":116,"column":8},"end":{"line":116,"column":26}},"type":"binary-expr","locations":[{"start":{"line":116,"column":8},"end":{"line":116,"column":15}},{"start":{"line":116,"column":19},"end":{"line":116,"column":26}}],"line":116},"11":{"loc":{"start":{"line":121,"column":4},"end":{"line":125,"column":9}},"type":"if","locations":[{"start":{"line":121,"column":4},"end":{"line":125,"column":9}},{"start":{},"end":{}}],"line":121},"12":{"loc":{"start":{"line":127,"column":4},"end":{"line":131,"column":9}},"type":"if","locations":[{"start":{"line":127,"column":4},"end":{"line":131,"column":9}},{"start":{},"end":{}}],"line":127},"13":{"loc":{"start":{"line":133,"column":4},"end":{"line":155,"column":5}},"type":"if","locations":[{"start":{"line":133,"column":4},"end":{"line":155,"column":5}},{"start":{"line":149,"column":11},"end":{"line":155,"column":5}}],"line":133},"14":{"loc":{"start":{"line":135,"column":6},"end":{"line":148,"column":7}},"type":"if","locations":[{"start":{"line":135,"column":6},"end":{"line":148,"column":7}},{"start":{"line":142,"column":13},"end":{"line":148,"column":7}}],"line":135},"15":{"loc":{"start":{"line":174,"column":2},"end":{"line":176,"column":3}},"type":"if","locations":[{"start":{"line":174,"column":2},"end":{"line":176,"column":3}},{"start":{},"end":{}}],"line":174},"16":{"loc":{"start":{"line":185,"column":4},"end":{"line":190,"column":5}},"type":"if","locations":[{"start":{"line":185,"column":4},"end":{"line":190,"column":5}},{"start":{},"end":{}}],"line":185},"17":{"loc":{"start":{"line":185,"column":8},"end":{"line":185,"column":26}},"type":"binary-expr","locations":[{"start":{"line":185,"column":8},"end":{"line":185,"column":15}},{"start":{"line":185,"column":19},"end":{"line":185,"column":26}}],"line":185},"18":{"loc":{"start":{"line":191,"column":4},"end":{"line":196,"column":5}},"type":"if","locations":[{"start":{"line":191,"column":4},"end":{"line":196,"column":5}},{"start":{},"end":{}}],"line":191},"19":{"loc":{"start":{"line":198,"column":4},"end":{"line":220,"column":5}},"type":"if","locations":[{"start":{"line":198,"column":4},"end":{"line":220,"column":5}},{"start":{"line":215,"column":11},"end":{"line":220,"column":5}}],"line":198},"20":{"loc":{"start":{"line":200,"column":6},"end":{"line":214,"column":7}},"type":"if","locations":[{"start":{"line":200,"column":6},"end":{"line":214,"column":7}},{"start":{"line":205,"column":13},"end":{"line":214,"column":7}}],"line":200},"21":{"loc":{"start":{"line":230,"column":4},"end":{"line":235,"column":5}},"type":"if","locations":[{"start":{"line":230,"column":4},"end":{"line":235,"column":5}},{"start":{},"end":{}}],"line":230},"22":{"loc":{"start":{"line":237,"column":4},"end":{"line":247,"column":5}},"type":"if","locations":[{"start":{"line":237,"column":4},"end":{"line":247,"column":5}},{"start":{"line":242,"column":11},"end":{"line":247,"column":5}}],"line":237},"23":{"loc":{"start":{"line":263,"column":6},"end":{"line":268,"column":7}},"type":"if","locations":[{"start":{"line":263,"column":6},"end":{"line":268,"column":7}},{"start":{},"end":{}}],"line":263},"24":{"loc":{"start":{"line":263,"column":10},"end":{"line":263,"column":42}},"type":"binary-expr","locations":[{"start":{"line":263,"column":10},"end":{"line":263,"column":17}},{"start":{"line":263,"column":21},"end":{"line":263,"column":28}},{"start":{"line":263,"column":32},"end":{"line":263,"column":42}}],"line":263},"25":{"loc":{"start":{"line":270,"column":6},"end":{"line":308,"column":7}},"type":"if","locations":[{"start":{"line":270,"column":6},"end":{"line":308,"column":7}},{"start":{"line":303,"column":13},"end":{"line":308,"column":7}}],"line":270},"26":{"loc":{"start":{"line":272,"column":8},"end":{"line":302,"column":9}},"type":"if","locations":[{"start":{"line":272,"column":8},"end":{"line":302,"column":9}},{"start":{},"end":{}}],"line":272},"27":{"loc":{"start":{"line":273,"column":10},"end":{"line":301,"column":11}},"type":"if","locations":[{"start":{"line":273,"column":10},"end":{"line":301,"column":11}},{"start":{"line":296,"column":17},"end":{"line":301,"column":11}}],"line":273},"28":{"loc":{"start":{"line":274,"column":12},"end":{"line":295,"column":13}},"type":"if","locations":[{"start":{"line":274,"column":12},"end":{"line":295,"column":13}},{"start":{"line":290,"column":19},"end":{"line":295,"column":13}}],"line":274}},"s":{"0":4,"1":4,"2":0,"3":0,"4":0,"5":0,"6":4,"7":4,"8":0,"9":0,"10":0,"11":0,"12":0,"13":0,"14":0,"15":0,"16":0,"17":0,"18":0,"19":0,"20":0,"21":0,"22":0,"23":0,"24":4,"25":0,"26":0,"27":0,"28":0,"29":0,"30":0,"31":0,"32":0,"33":0,"34":0,"35":0,"36":0,"37":0,"38":0,"39":0,"40":0,"41":0,"42":0,"43":0,"44":0,"45":4,"46":0,"47":0,"48":0,"49":0,"50":0,"51":0,"52":0,"53":0,"54":0,"55":0,"56":0,"57":0,"58":0,"59":0,"60":0,"61":0,"62":0,"63":0,"64":0,"65":0,"66":4,"67":0,"68":0,"69":0,"70":0,"71":4,"72":0,"73":0,"74":0,"75":0,"76":4,"77":0,"78":0,"79":0,"80":0,"81":0,"82":0,"83":0,"84":0,"85":0,"86":0,"87":0,"88":0,"89":0,"90":0,"91":0,"92":0,"93":0,"94":4,"95":0,"96":0,"97":0,"98":0,"99":0,"100":0,"101":0,"102":0,"103":0,"104":4,"105":0,"106":0,"107":0,"108":0,"109":0,"110":0,"111":0,"112":0,"113":0,"114":0,"115":0,"116":0,"117":0,"118":0,"119":0,"120":0,"121":0,"122":0,"123":0,"124":0},"f":{"0":0,"1":0,"2":0,"3":0,"4":0,"5":0,"6":0,"7":0,"8":0,"9":0,"10":0,"11":0},"b":{"0":[0,0],"1":[0,0],"2":[0,0],"3":[0,0],"4":[0,0],"5":[0,0],"6":[0,0],"7":[0,0],"8":[0,0],"9":[0,0],"10":[0,0],"11":[0,0],"12":[0,0],"13":[0,0],"14":[0,0],"15":[0,0],"16":[0,0],"17":[0,0],"18":[0,0],"19":[0,0],"20":[0,0],"21":[0,0],"22":[0,0],"23":[0,0],"24":[0,0,0],"25":[0,0],"26":[0,0],"27":[0,0],"28":[0,0]},"_coverageSchema":"1a1c01bbd47fc00a2c39e90264f33305004495a9","hash":"0cb239bb21a63229d0651882097e0d8c2bb3a870"}
,"D:\\TDC\\HK5\\CD Web 2\\only-dog-be\\src\\routes\\user.js": {"path":"D:\\TDC\\HK5\\CD Web 2\\only-dog-be\\src\\routes\\user.js","statementMap":{"0":{"start":{"line":5,"column":15},"end":{"line":5,"column":31}},"1":{"start":{"line":11,"column":16},"end":{"line":20,"column":2}},"2":{"start":{"line":13,"column":4},"end":{"line":13,"column":28}},"3":{"start":{"line":16,"column":22},"end":{"line":16,"column":66}},"4":{"start":{"line":17,"column":4},"end":{"line":17,"column":30}},"5":{"start":{"line":18,"column":4},"end":{"line":18,"column":24}},"6":{"start":{"line":21,"column":15},"end":{"line":21,"column":43}},"7":{"start":{"line":23,"column":0},"end":{"line":70,"column":2}},"8":{"start":{"line":28,"column":4},"end":{"line":68,"column":5}},"9":{"start":{"line":29,"column":25},"end":{"line":29,"column":35}},"10":{"start":{"line":30,"column":26},"end":{"line":30,"column":34}},"11":{"start":{"line":31,"column":19},"end":{"line":31,"column":27}},"12":{"start":{"line":32,"column":6},"end":{"line":35,"column":73}},"13":{"start":{"line":33,"column":8},"end":{"line":35,"column":73}},"14":{"start":{"line":36,"column":6},"end":{"line":39,"column":65}},"15":{"start":{"line":37,"column":8},"end":{"line":39,"column":65}},"16":{"start":{"line":40,"column":6},"end":{"line":43,"column":63}},"17":{"start":{"line":41,"column":8},"end":{"line":43,"column":63}},"18":{"start":{"line":44,"column":19},"end":{"line":44,"column":46}},"19":{"start":{"line":45,"column":6},"end":{"line":48,"column":63}},"20":{"start":{"line":46,"column":8},"end":{"line":48,"column":63}},"21":{"start":{"line":50,"column":6},"end":{"line":62,"column":7}},"22":{"start":{"line":51,"column":8},"end":{"line":51,"column":67}},"23":{"start":{"line":53,"column":26},"end":{"line":53,"column":52}},"24":{"start":{"line":54,"column":8},"end":{"line":54,"column":59}},"25":{"start":{"line":55,"column":8},"end":{"line":61,"column":9}},"26":{"start":{"line":56,"column":10},"end":{"line":56,"column":38}},"27":{"start":{"line":57,"column":10},"end":{"line":57,"column":28}},"28":{"start":{"line":59,"column":10},"end":{"line":59,"column":29}},"29":{"start":{"line":60,"column":10},"end":{"line":60,"column":69}},"30":{"start":{"line":65,"column":6},"end":{"line":67,"column":68}},"31":{"start":{"line":73,"column":0},"end":{"line":92,"column":3}},"32":{"start":{"line":74,"column":2},"end":{"line":91,"column":3}},"33":{"start":{"line":76,"column":23},"end":{"line":76,"column":33}},"34":{"start":{"line":77,"column":17},"end":{"line":77,"column":64}},"35":{"start":{"line":78,"column":4},"end":{"line":81,"column":61}},"36":{"start":{"line":79,"column":6},"end":{"line":81,"column":61}},"37":{"start":{"line":83,"column":26},"end":{"line":83,"column":79}},"38":{"start":{"line":84,"column":24},"end":{"line":86,"column":5}},"39":{"start":{"line":85,"column":6},"end":{"line":85,"column":31}},"40":{"start":{"line":87,"column":18},"end":{"line":87,"column":35}},"41":{"start":{"line":88,"column":4},"end":{"line":88,"column":71}},"42":{"start":{"line":90,"column":4},"end":{"line":90,"column":79}},"43":{"start":{"line":94,"column":0},"end":{"line":136,"column":3}},"44":{"start":{"line":95,"column":2},"end":{"line":135,"column":3}},"45":{"start":{"line":97,"column":45},"end":{"line":97,"column":53}},"46":{"start":{"line":98,"column":24},"end":{"line":98,"column":63}},"47":{"start":{"line":99,"column":4},"end":{"line":103,"column":9}},"48":{"start":{"line":100,"column":6},"end":{"line":103,"column":9}},"49":{"start":{"line":104,"column":4},"end":{"line":108,"column":9}},"50":{"start":{"line":105,"column":6},"end":{"line":108,"column":9}},"51":{"start":{"line":109,"column":4},"end":{"line":113,"column":9}},"52":{"start":{"line":110,"column":6},"end":{"line":113,"column":9}},"53":{"start":{"line":114,"column":21},"end":{"line":114,"column":54}},"54":{"start":{"line":115,"column":25},"end":{"line":115,"column":60}},"55":{"start":{"line":116,"column":4},"end":{"line":120,"column":9}},"56":{"start":{"line":117,"column":6},"end":{"line":120,"column":9}},"57":{"start":{"line":122,"column":4},"end":{"line":132,"column":5}},"58":{"start":{"line":124,"column":6},"end":{"line":124,"column":76}},"59":{"start":{"line":125,"column":6},"end":{"line":125,"column":74}},"60":{"start":{"line":126,"column":6},"end":{"line":126,"column":75}},"61":{"start":{"line":129,"column":6},"end":{"line":129,"column":78}},"62":{"start":{"line":130,"column":6},"end":{"line":130,"column":74}},"63":{"start":{"line":131,"column":6},"end":{"line":131,"column":75}},"64":{"start":{"line":134,"column":4},"end":{"line":134,"column":79}},"65":{"start":{"line":139,"column":0},"end":{"line":152,"column":3}},"66":{"start":{"line":140,"column":23},"end":{"line":140,"column":33}},"67":{"start":{"line":142,"column":2},"end":{"line":146,"column":7}},"68":{"start":{"line":143,"column":4},"end":{"line":146,"column":7}},"69":{"start":{"line":148,"column":16},"end":{"line":150,"column":24}},"70":{"start":{"line":151,"column":2},"end":{"line":151,"column":56}},"71":{"start":{"line":155,"column":0},"end":{"line":172,"column":3}},"72":{"start":{"line":156,"column":2},"end":{"line":171,"column":3}},"73":{"start":{"line":157,"column":23},"end":{"line":157,"column":33}},"74":{"start":{"line":162,"column":17},"end":{"line":162,"column":64}},"75":{"start":{"line":164,"column":4},"end":{"line":164,"column":63}},"76":{"start":{"line":165,"column":4},"end":{"line":165,"column":57}},"77":{"start":{"line":167,"column":4},"end":{"line":170,"column":7}},"78":{"start":{"line":174,"column":0},"end":{"line":206,"column":3}},"79":{"start":{"line":175,"column":2},"end":{"line":205,"column":3}},"80":{"start":{"line":177,"column":23},"end":{"line":177,"column":33}},"81":{"start":{"line":178,"column":4},"end":{"line":183,"column":5}},"82":{"start":{"line":179,"column":6},"end":{"line":182,"column":9}},"83":{"start":{"line":184,"column":24},"end":{"line":184,"column":63}},"84":{"start":{"line":185,"column":4},"end":{"line":202,"column":5}},"85":{"start":{"line":186,"column":19},"end":{"line":186,"column":66}},"86":{"start":{"line":187,"column":6},"end":{"line":187,"column":24}},"87":{"start":{"line":188,"column":6},"end":{"line":197,"column":7}},"88":{"start":{"line":189,"column":8},"end":{"line":191,"column":63}},"89":{"start":{"line":193,"column":8},"end":{"line":193,"column":45}},"90":{"start":{"line":194,"column":8},"end":{"line":196,"column":73}},"91":{"start":{"line":199,"column":6},"end":{"line":201,"column":74}},"92":{"start":{"line":204,"column":4},"end":{"line":204,"column":79}},"93":{"start":{"line":208,"column":0},"end":{"line":211,"column":3}},"94":{"start":{"line":209,"column":16},"end":{"line":209,"column":53}},"95":{"start":{"line":210,"column":2},"end":{"line":210,"column":56}}},"fnMap":{"0":{"name":"(anonymous_0)","decl":{"start":{"line":12,"column":15},"end":{"line":12,"column":16}},"loc":{"start":{"line":12,"column":40},"end":{"line":14,"column":3}},"line":12},"1":{"name":"(anonymous_1)","decl":{"start":{"line":15,"column":12},"end":{"line":15,"column":13}},"loc":{"start":{"line":15,"column":37},"end":{"line":19,"column":3}},"line":15},"2":{"name":"(anonymous_2)","decl":{"start":{"line":27,"column":2},"end":{"line":27,"column":3}},"loc":{"start":{"line":27,"column":22},"end":{"line":69,"column":3}},"line":27},"3":{"name":"(anonymous_3)","decl":{"start":{"line":73,"column":45},"end":{"line":73,"column":46}},"loc":{"start":{"line":73,"column":65},"end":{"line":92,"column":1}},"line":73},"4":{"name":"(anonymous_4)","decl":{"start":{"line":84,"column":47},"end":{"line":84,"column":48}},"loc":{"start":{"line":85,"column":6},"end":{"line":85,"column":31}},"line":85},"5":{"name":"(anonymous_5)","decl":{"start":{"line":94,"column":54},"end":{"line":94,"column":55}},"loc":{"start":{"line":94,"column":74},"end":{"line":136,"column":1}},"line":94},"6":{"name":"(anonymous_6)","decl":{"start":{"line":139,"column":38},"end":{"line":139,"column":39}},"loc":{"start":{"line":139,"column":58},"end":{"line":152,"column":1}},"line":139},"7":{"name":"(anonymous_7)","decl":{"start":{"line":155,"column":34},"end":{"line":155,"column":35}},"loc":{"start":{"line":155,"column":54},"end":{"line":172,"column":1}},"line":155},"8":{"name":"(anonymous_8)","decl":{"start":{"line":174,"column":52},"end":{"line":174,"column":53}},"loc":{"start":{"line":174,"column":72},"end":{"line":206,"column":1}},"line":174},"9":{"name":"(anonymous_9)","decl":{"start":{"line":208,"column":23},"end":{"line":208,"column":24}},"loc":{"start":{"line":208,"column":43},"end":{"line":211,"column":1}},"line":208}},"branchMap":{"0":{"loc":{"start":{"line":32,"column":6},"end":{"line":35,"column":73}},"type":"if","locations":[{"start":{"line":32,"column":6},"end":{"line":35,"column":73}},{"start":{},"end":{}}],"line":32},"1":{"loc":{"start":{"line":36,"column":6},"end":{"line":39,"column":65}},"type":"if","locations":[{"start":{"line":36,"column":6},"end":{"line":39,"column":65}},{"start":{},"end":{}}],"line":36},"2":{"loc":{"start":{"line":40,"column":6},"end":{"line":43,"column":63}},"type":"if","locations":[{"start":{"line":40,"column":6},"end":{"line":43,"column":63}},{"start":{},"end":{}}],"line":40},"3":{"loc":{"start":{"line":45,"column":6},"end":{"line":48,"column":63}},"type":"if","locations":[{"start":{"line":45,"column":6},"end":{"line":48,"column":63}},{"start":{},"end":{}}],"line":45},"4":{"loc":{"start":{"line":50,"column":6},"end":{"line":62,"column":7}},"type":"if","locations":[{"start":{"line":50,"column":6},"end":{"line":62,"column":7}},{"start":{"line":52,"column":13},"end":{"line":62,"column":7}}],"line":50},"5":{"loc":{"start":{"line":78,"column":4},"end":{"line":81,"column":61}},"type":"if","locations":[{"start":{"line":78,"column":4},"end":{"line":81,"column":61}},{"start":{},"end":{}}],"line":78},"6":{"loc":{"start":{"line":99,"column":4},"end":{"line":103,"column":9}},"type":"if","locations":[{"start":{"line":99,"column":4},"end":{"line":103,"column":9}},{"start":{},"end":{}}],"line":99},"7":{"loc":{"start":{"line":104,"column":4},"end":{"line":108,"column":9}},"type":"if","locations":[{"start":{"line":104,"column":4},"end":{"line":108,"column":9}},{"start":{},"end":{}}],"line":104},"8":{"loc":{"start":{"line":104,"column":8},"end":{"line":104,"column":40}},"type":"binary-expr","locations":[{"start":{"line":104,"column":8},"end":{"line":104,"column":21}},{"start":{"line":104,"column":25},"end":{"line":104,"column":40}}],"line":104},"9":{"loc":{"start":{"line":109,"column":4},"end":{"line":113,"column":9}},"type":"if","locations":[{"start":{"line":109,"column":4},"end":{"line":113,"column":9}},{"start":{},"end":{}}],"line":109},"10":{"loc":{"start":{"line":116,"column":4},"end":{"line":120,"column":9}},"type":"if","locations":[{"start":{"line":116,"column":4},"end":{"line":120,"column":9}},{"start":{},"end":{}}],"line":116},"11":{"loc":{"start":{"line":116,"column":8},"end":{"line":116,"column":34}},"type":"binary-expr","locations":[{"start":{"line":116,"column":8},"end":{"line":116,"column":17}},{"start":{"line":116,"column":21},"end":{"line":116,"column":34}}],"line":116},"12":{"loc":{"start":{"line":122,"column":4},"end":{"line":132,"column":5}},"type":"if","locations":[{"start":{"line":122,"column":4},"end":{"line":132,"column":5}},{"start":{"line":127,"column":11},"end":{"line":132,"column":5}}],"line":122},"13":{"loc":{"start":{"line":142,"column":2},"end":{"line":146,"column":7}},"type":"if","locations":[{"start":{"line":142,"column":2},"end":{"line":146,"column":7}},{"start":{},"end":{}}],"line":142},"14":{"loc":{"start":{"line":178,"column":4},"end":{"line":183,"column":5}},"type":"if","locations":[{"start":{"line":178,"column":4},"end":{"line":183,"column":5}},{"start":{},"end":{}}],"line":178},"15":{"loc":{"start":{"line":185,"column":4},"end":{"line":202,"column":5}},"type":"if","locations":[{"start":{"line":185,"column":4},"end":{"line":202,"column":5}},{"start":{"line":198,"column":11},"end":{"line":202,"column":5}}],"line":185},"16":{"loc":{"start":{"line":188,"column":6},"end":{"line":197,"column":7}},"type":"if","locations":[{"start":{"line":188,"column":6},"end":{"line":197,"column":7}},{"start":{"line":192,"column":13},"end":{"line":197,"column":7}}],"line":188}},"s":{"0":4,"1":4,"2":0,"3":0,"4":0,"5":0,"6":4,"7":4,"8":0,"9":0,"10":0,"11":0,"12":0,"13":0,"14":0,"15":0,"16":0,"17":0,"18":0,"19":0,"20":0,"21":0,"22":0,"23":0,"24":0,"25":0,"26":0,"27":0,"28":0,"29":0,"30":0,"31":4,"32":9,"33":9,"34":9,"35":1,"36":0,"37":1,"38":1,"39":1,"40":1,"41":1,"42":8,"43":4,"44":0,"45":0,"46":0,"47":0,"48":0,"49":0,"50":0,"51":0,"52":0,"53":0,"54":0,"55":0,"56":0,"57":0,"58":0,"59":0,"60":0,"61":0,"62":0,"63":0,"64":0,"65":4,"66":11,"67":11,"68":3,"69":8,"70":8,"71":4,"72":11,"73":11,"74":11,"75":2,"76":1,"77":10,"78":4,"79":0,"80":0,"81":0,"82":0,"83":0,"84":0,"85":0,"86":0,"87":0,"88":0,"89":0,"90":0,"91":0,"92":0,"93":4,"94":1,"95":1},"f":{"0":0,"1":0,"2":0,"3":9,"4":1,"5":0,"6":11,"7":11,"8":0,"9":1},"b":{"0":[0,0],"1":[0,0],"2":[0,0],"3":[0,0],"4":[0,0],"5":[0,1],"6":[0,0],"7":[0,0],"8":[0,0],"9":[0,0],"10":[0,0],"11":[0,0],"12":[0,0],"13":[3,8],"14":[0,0],"15":[0,0],"16":[0,0]},"_coverageSchema":"1a1c01bbd47fc00a2c39e90264f33305004495a9","hash":"2ac7f677f99c49161264846fa47ef7c4070ef17b"}
,"D:\\TDC\\HK5\\CD Web 2\\only-dog-be\\src\\validate\\validateEmail.js": {"path":"D:\\TDC\\HK5\\CD Web 2\\only-dog-be\\src\\validate\\validateEmail.js","statementMap":{"0":{"start":{"line":2,"column":18},"end":{"line":2,"column":59}},"1":{"start":{"line":3,"column":2},"end":{"line":3,"column":29}}},"fnMap":{"0":{"name":"validateEmail","decl":{"start":{"line":1,"column":24},"end":{"line":1,"column":37}},"loc":{"start":{"line":1,"column":45},"end":{"line":4,"column":1}},"line":1}},"branchMap":{},"s":{"0":0,"1":0},"f":{"0":0},"b":{},"_coverageSchema":"1a1c01bbd47fc00a2c39e90264f33305004495a9","hash":"689f3a4ee00dfc69e64b63a4bd4ebf9c141c6f14"}
,"D:\\TDC\\HK5\\CD Web 2\\only-dog-be\\src\\validate\\validatePassword.js": {"path":"D:\\TDC\\HK5\\CD Web 2\\only-dog-be\\src\\validate\\validatePassword.js","statementMap":{"0":{"start":{"line":2,"column":18},"end":{"line":2,"column":51}},"1":{"start":{"line":3,"column":2},"end":{"line":3,"column":32}}},"fnMap":{"0":{"name":"validatePassword","decl":{"start":{"line":1,"column":24},"end":{"line":1,"column":40}},"loc":{"start":{"line":1,"column":51},"end":{"line":4,"column":1}},"line":1}},"branchMap":{},"s":{"0":0,"1":0},"f":{"0":0},"b":{},"_coverageSchema":"1a1c01bbd47fc00a2c39e90264f33305004495a9","hash":"ffcb736626047c5e48453fd284889d05f21083df"}
,"D:\\TDC\\HK5\\CD Web 2\\only-dog-be\\src\\validate\\validateUserName.js": {"path":"D:\\TDC\\HK5\\CD Web 2\\only-dog-be\\src\\validate\\validateUserName.js","statementMap":{"0":{"start":{"line":2,"column":18},"end":{"line":2,"column":36}},"1":{"start":{"line":3,"column":2},"end":{"line":3,"column":32}}},"fnMap":{"0":{"name":"validateUserName","decl":{"start":{"line":1,"column":24},"end":{"line":1,"column":40}},"loc":{"start":{"line":1,"column":51},"end":{"line":4,"column":1}},"line":1}},"branchMap":{},"s":{"0":11,"1":11},"f":{"0":11},"b":{},"_coverageSchema":"1a1c01bbd47fc00a2c39e90264f33305004495a9","hash":"aa9720fc955aed9c1f758deea83f638851a7b541"}
}
